<?xml version="1.0" encoding="UTF-8"?>
<testng-results skipped="0" failed="0" ignored="0" total="0" passed="0">
  <reporter-output>
  </reporter-output>
  <suite name="Page.TestHomePage" duration-ms="7" started-at="2017-01-29T20:07:02Z" finished-at="2017-01-29T20:07:02Z">
    <groups>
    </groups>
    <test name="Command line test" duration-ms="7" started-at="2017-01-29T20:07:02Z" finished-at="2017-01-29T20:07:02Z">
    </test> <!-- Command line test -->
  </suite> <!-- Page.TestHomePage -->
</testng-results>
